<?xml version="1.0" encoding="UTF-8" ?>
<testsuite tests="23" failures="0" name="org.springframework.samples.petclinic.service.ClinicServiceJdbcTests" time="0.288" errors="0" skipped="0">
  <properties>
    <property name="java.runtime.name" value="Java(TM) SE Runtime Environment"/>
    <property name="sun.boot.library.path" value="C:\Program Files\Java\jdk1.8.0_45\jre\bin"/>
    <property name="java.vm.version" value="25.45-b02"/>
    <property name="java.vm.vendor" value="Oracle Corporation"/>
    <property name="maven.multiModuleProjectDirectory" value="C:\Users\garga\Documents\GitHub\PetClinic"/>
    <property name="java.vendor.url" value="http://java.oracle.com/"/>
    <property name="path.separator" value=";"/>
    <property name="guice.disable.misplaced.annotation.check" value="true"/>
    <property name="java.vm.name" value="Java HotSpot(TM) 64-Bit Server VM"/>
    <property name="file.encoding.pkg" value="sun.io"/>
    <property name="user.script" value=""/>
    <property name="user.country" value="US"/>
    <property name="sun.java.launcher" value="SUN_STANDARD"/>
    <property name="sun.os.patch.level" value="Service Pack 1"/>
    <property name="java.vm.specification.name" value="Java Virtual Machine Specification"/>
    <property name="user.dir" value="C:\Users\garga\Documents\GitHub\PetClinic"/>
    <property name="java.runtime.version" value="1.8.0_45-b15"/>
    <property name="java.awt.graphicsenv" value="sun.awt.Win32GraphicsEnvironment"/>
    <property name="java.endorsed.dirs" value="C:\Program Files\Java\jdk1.8.0_45\jre\lib\endorsed"/>
    <property name="os.arch" value="amd64"/>
    <property name="java.io.tmpdir" value="C:\Users\garga\AppData\Local\Temp\"/>
    <property name="line.separator" value="
"/>
    <property name="java.vm.specification.vendor" value="Oracle Corporation"/>
    <property name="user.variant" value=""/>
    <property name="os.name" value="Windows 7"/>
    <property name="net.sourceforge.cobertura.datafile" value="C:\Users\garga\Documents\GitHub\PetClinic\target\cobertura\cobertura.ser"/>
    <property name="classworlds.conf" value="C:\Program Files\apache-maven-3.3.3-bin\apache-maven-3.3.3\bin\..\bin\m2.conf"/>
    <property name="sun.jnu.encoding" value="Cp1252"/>
    <property name="java.library.path" value="C:\Program Files\Java\jdk1.8.0_45\bin;C:\Windows\Sun\Java\bin;C:\Windows\system32;C:\Windows;C:\ProgramData\Oracle\Java\javapath;C:\Program Files (x86)\AMD APP\bin\x86_64;C:\Program Files (x86)\AMD APP\bin\x86;C:\Windows\system32;C:\Windows;C:\Windows\System32\Wbem;C:\Windows\System32\WindowsPowerShell\v1.0\;C:\Program Files (x86)\ATI Technologies\ATI.ACE\Core-Static;c:\Program Files (x86)\Common Files\Acronis\SnapAPI\;C:\Program Files\TortoiseSVN\bin;C:\Program Files (x86)\Subversion\bin;C:\Program Files\apache-maven-3.3.3-bin\apache-maven-3.3.3\bin;C:\Program Files\Java\jdk1.8.0_51;C:\Program Files\TortoiseGit\bin;C:\Users\garga\AppData\Local\GitHub\PortableGit_c2ba306e536fdf878271f7fe636a147ff37326ad\bin;."/>
    <property name="java.specification.name" value="Java Platform API Specification"/>
    <property name="java.class.version" value="52.0"/>
    <property name="sun.management.compiler" value="HotSpot 64-Bit Tiered Compilers"/>
    <property name="os.version" value="6.1"/>
    <property name="user.home" value="C:\Users\garga"/>
    <property name="user.timezone" value="America/New_York"/>
    <property name="java.awt.printerjob" value="sun.awt.windows.WPrinterJob"/>
    <property name="java.specification.version" value="1.8"/>
    <property name="file.encoding" value="Cp1252"/>
    <property name="user.name" value="GargA"/>
    <property name="java.class.path" value="C:\Program Files\apache-maven-3.3.3-bin\apache-maven-3.3.3\bin\..\boot\plexus-classworlds-2.5.2.jar"/>
    <property name="java.vm.specification.version" value="1.8"/>
    <property name="sun.arch.data.model" value="64"/>
    <property name="java.home" value="C:\Program Files\Java\jdk1.8.0_45\jre"/>
    <property name="sun.java.command" value="org.codehaus.plexus.classworlds.launcher.Launcher clean install"/>
    <property name="java.specification.vendor" value="Oracle Corporation"/>
    <property name="user.language" value="en"/>
    <property name="awt.toolkit" value="sun.awt.windows.WToolkit"/>
    <property name="java.vm.info" value="mixed mode"/>
    <property name="java.version" value="1.8.0_45"/>
    <property name="java.ext.dirs" value="C:\Program Files\Java\jdk1.8.0_45\jre\lib\ext;C:\Windows\Sun\Java\lib\ext"/>
    <property name="sun.boot.class.path" value="C:\Program Files\Java\jdk1.8.0_45\jre\lib\resources.jar;C:\Program Files\Java\jdk1.8.0_45\jre\lib\rt.jar;C:\Program Files\Java\jdk1.8.0_45\jre\lib\sunrsasign.jar;C:\Program Files\Java\jdk1.8.0_45\jre\lib\jsse.jar;C:\Program Files\Java\jdk1.8.0_45\jre\lib\jce.jar;C:\Program Files\Java\jdk1.8.0_45\jre\lib\charsets.jar;C:\Program Files\Java\jdk1.8.0_45\jre\lib\jfr.jar;C:\Program Files\Java\jdk1.8.0_45\jre\classes"/>
    <property name="sun.stderr.encoding" value="cp437"/>
    <property name="java.vendor" value="Oracle Corporation"/>
    <property name="maven.home" value="C:\Program Files\apache-maven-3.3.3-bin\apache-maven-3.3.3\bin\.."/>
    <property name="file.separator" value="\"/>
    <property name="java.vendor.url.bug" value="http://bugreport.sun.com/bugreport/"/>
    <property name="sun.cpu.endian" value="little"/>
    <property name="sun.io.unicode.encoding" value="UnicodeLittle"/>
    <property name="project.build.outputDirectory" value="C:\Users\garga\Documents\GitHub\PetClinic\target\generated-classes\cobertura"/>
    <property name="sun.stdout.encoding" value="cp437"/>
    <property name="sun.desktop" value="windows"/>
    <property name="sun.cpu.isalist" value="amd64"/>
  </properties>
  <testcase classname="org.springframework.samples.petclinic.service.ClinicServiceJdbcTests" name="shouldFindVisitWithCorrectId" time="0.054"/>
  <testcase classname="org.springframework.samples.petclinic.service.ClinicServiceJdbcTests" name="shouldFindVets" time="0.02"/>
  <testcase classname="org.springframework.samples.petclinic.service.ClinicServiceJdbcTests" name="shouldFindOwnersByLastName" time="0.013"/>
  <testcase classname="org.springframework.samples.petclinic.service.ClinicServiceJdbcTests" name="shouldFindVisits" time="0.026"/>
  <testcase classname="org.springframework.samples.petclinic.service.ClinicServiceJdbcTests" name="shouldAddSupply" time="0.039"/>
  <testcase classname="org.springframework.samples.petclinic.service.ClinicServiceJdbcTests" name="shouldFindPet" time="0.002"/>
  <testcase classname="org.springframework.samples.petclinic.service.ClinicServiceJdbcTests" name="shouldDiagnosePet" time="0.009"/>
  <testcase classname="org.springframework.samples.petclinic.service.ClinicServiceJdbcTests" name="shouldFindSupplyWithCorrectId" time="0"/>
  <testcase classname="org.springframework.samples.petclinic.service.ClinicServiceJdbcTests" name="shouldAddNewVisitForPet" time="0.027"/>
  <testcase classname="org.springframework.samples.petclinic.service.ClinicServiceJdbcTests" name="shouldUpdateOwner" time="0.014"/>
  <testcase classname="org.springframework.samples.petclinic.service.ClinicServiceJdbcTests" name="shouldInsertPetIntoDatabaseAndGenerateId" time="0.03"/>
  <testcase classname="org.springframework.samples.petclinic.service.ClinicServiceJdbcTests" name="shouldInsertOwner" time="0.018"/>
  <testcase classname="org.springframework.samples.petclinic.service.ClinicServiceJdbcTests" name="markPaid" time="0.004"/>
  <testcase classname="org.springframework.samples.petclinic.service.ClinicServiceJdbcTests" name="shouldFindSupplies" time="0.003"/>
  <testcase classname="org.springframework.samples.petclinic.service.ClinicServiceJdbcTests" name="shouldFindSingleOwnerWithPet" time="0.003"/>
  <testcase classname="org.springframework.samples.petclinic.service.ClinicServiceJdbcTests" name="shouldEditSupply" time="0.003"/>
  <testcase classname="org.springframework.samples.petclinic.service.ClinicServiceJdbcTests" name="shouldFindPetNull" time="0"/>
  <testcase classname="org.springframework.samples.petclinic.service.ClinicServiceJdbcTests" name="shouldUpdatePetName" time="0.011"/>
  <testcase classname="org.springframework.samples.petclinic.service.ClinicServiceJdbcTests" name="shouldFindAllPetTypes" time="0.002"/>
  <testcase classname="org.springframework.samples.petclinic.service.ClinicServiceJdbcTests" name="OwnerToString" time="0.001"/>
  <testcase classname="org.springframework.samples.petclinic.service.ClinicServiceJdbcTests" name="unassignVet" time="0.003"/>
  <testcase classname="org.springframework.samples.petclinic.service.ClinicServiceJdbcTests" name="billOwner" time="0.001"/>
  <testcase classname="org.springframework.samples.petclinic.service.ClinicServiceJdbcTests" name="shouldFindPetWithCorrectId" time="0.005"/>
</testsuite>